<?xml version="1.0" encoding="UTF-8"?>
<!-- Generated by org.testng.reporters.JUnitXMLReporter -->
<testsuite hostname="LAPTOP-HID1OCBH" ignored="3" name="Default test" tests="1" failures="0" timestamp="2022-12-20T13:30:07 IST" time="63.556" errors="0">
  <testcase name="outstation_cabRentals_SortedByprice" time="54.344" classname="com.travel_app_automation.Tests.TestCases_CabRentals"/>
  <testcase name="cab_rentals_without_drop_loc" time="0.0" classname="com.travel_app_automation.Tests.TestCases_CabRentals">
    <ignored/>
  </testcase> <!-- cab_rentals_without_drop_loc -->
  <testcase name="outstation_cabRentalsPage_invalidDuration" time="0.0" classname="com.travel_app_automation.Tests.TestCases_CabRentals">
    <ignored/>
  </testcase> <!-- outstation_cabRentalsPage_invalidDuration -->
  <testcase name="outstation_cabRentalsPage" time="0.0" classname="com.travel_app_automation.Tests.TestCases_CabRentals">
    <ignored/>
  </testcase> <!-- outstation_cabRentalsPage -->
</testsuite> <!-- Default test -->
