<?xml version="1.0" encoding="UTF-8"?>
<!-- Generated by org.testng.reporters.JUnitXMLReporter -->
<testsuite hostname="LAPTOP-HID1OCBH" ignored="5" name="Test" tests="1" failures="0" timestamp="2022-10-25T16:51:00 IST" time="34.399" errors="0">
  <testcase name="filters" time="20.85" classname="com.travel_app_automation.Tests.TestCases_Set2"/>
  <testcase name="invalidRouteSearch" time="0.0" classname="com.travel_app_automation.Tests.TestCases">
    <ignored/>
  </testcase> <!-- invalidRouteSearch -->
  <testcase name="otp_login_while_viewing_seats" time="0.0" classname="com.travel_app_automation.Tests.TestCases">
    <ignored/>
  </testcase> <!-- otp_login_while_viewing_seats -->
  <testcase name="home_page_login" time="0.0" classname="com.travel_app_automation.Tests.TestCases">
    <ignored/>
  </testcase> <!-- home_page_login -->
  <testcase name="SearchBus" time="0.0" classname="com.travel_app_automation.Tests.TestCases">
    <ignored/>
  </testcase> <!-- SearchBus -->
  <testcase name="book_tickets" time="0.0" classname="com.travel_app_automation.Tests.TestCases">
    <ignored/>
  </testcase> <!-- book_tickets -->
</testsuite> <!-- Test -->
