<?xml version="1.0" encoding="UTF-8"?>
<!-- Generated by org.testng.reporters.JUnitXMLReporter -->
<testsuite hostname="LAPTOP-HID1OCBH" ignored="10" name="TravelTest" tests="2" failures="0" timestamp="2023-01-02T14:26:23 IST" time="70.105" errors="0">
  <testcase name="cab_or_bus_option" time="6.138" classname="com.travel_app_automation.Tests.TestCases_CabRentals"/>
  <testcase name="bus_booking" time="49.996" classname="com.travel_app_automation.Tests.TestCases_CabRentals"/>
  <testcase name="outstation_cabRentals_SortedByprice" time="0.0" classname="com.travel_app_automation.Tests.TestCases_CabRentals">
    <ignored/>
  </testcase> <!-- outstation_cabRentals_SortedByprice -->
  <testcase name="cab_rentals_without_drop_loc" time="0.0" classname="com.travel_app_automation.Tests.TestCases_CabRentals">
    <ignored/>
  </testcase> <!-- cab_rentals_without_drop_loc -->
  <testcase name="invalidRouteSearch" time="0.0" classname="com.travel_app_automation.Tests.TestCases">
    <ignored/>
  </testcase> <!-- invalidRouteSearch -->
  <testcase name="otp_login_while_viewing_seats" time="0.0" classname="com.travel_app_automation.Tests.TestCases">
    <ignored/>
  </testcase> <!-- otp_login_while_viewing_seats -->
  <testcase name="home_page_login" time="0.0" classname="com.travel_app_automation.Tests.TestCases">
    <ignored/>
  </testcase> <!-- home_page_login -->
  <testcase name="SearchBus" time="0.0" classname="com.travel_app_automation.Tests.TestCases">
    <ignored/>
  </testcase> <!-- SearchBus -->
  <testcase name="outstation_cabRentalsPage_invalidDuration" time="0.0" classname="com.travel_app_automation.Tests.TestCases_CabRentals">
    <ignored/>
  </testcase> <!-- outstation_cabRentalsPage_invalidDuration -->
  <testcase name="filters" time="0.0" classname="com.travel_app_automation.Tests.TestCases_Set2">
    <ignored/>
  </testcase> <!-- filters -->
  <testcase name="book_tickets" time="0.0" classname="com.travel_app_automation.Tests.TestCases">
    <ignored/>
  </testcase> <!-- book_tickets -->
  <testcase name="outstation_cabRentalsPage" time="0.0" classname="com.travel_app_automation.Tests.TestCases_CabRentals">
    <ignored/>
  </testcase> <!-- outstation_cabRentalsPage -->
</testsuite> <!-- TravelTest -->
