<?xml version="1.0" encoding="UTF-8"?>
<!-- Generated by org.testng.reporters.JUnitXMLReporter -->
<testsuite hostname="LAPTOP-HID1OCBH" ignored="6" name="TravelTest" tests="1" failures="0" timestamp="2022-11-17T23:01:11 IST" time="188.444" errors="0">
  <testcase name="outstation_cabRentalsPage" time="113.279" classname="com.travel_app_automation.Tests.TestCases_CabRentals"/>
  <testcase name="invalidRouteSearch" time="0.0" classname="com.travel_app_automation.Tests.TestCases">
    <ignored/>
  </testcase> <!-- invalidRouteSearch -->
  <testcase name="otp_login_while_viewing_seats" time="0.0" classname="com.travel_app_automation.Tests.TestCases">
    <ignored/>
  </testcase> <!-- otp_login_while_viewing_seats -->
  <testcase name="home_page_login" time="0.0" classname="com.travel_app_automation.Tests.TestCases">
    <ignored/>
  </testcase> <!-- home_page_login -->
  <testcase name="SearchBus" time="0.0" classname="com.travel_app_automation.Tests.TestCases">
    <ignored/>
  </testcase> <!-- SearchBus -->
  <testcase name="filters" time="0.0" classname="com.travel_app_automation.Tests.TestCases_Set2">
    <ignored/>
  </testcase> <!-- filters -->
  <testcase name="book_tickets" time="0.0" classname="com.travel_app_automation.Tests.TestCases">
    <ignored/>
  </testcase> <!-- book_tickets -->
</testsuite> <!-- TravelTest -->
