# JRE version: Java(TM) SE Runtime Environment (8.0_341-b10) (build 1.8.0_341-b10)
# Java VM: Java HotSpot(TM) 64-Bit Server VM (25.341-b10 mixed mode windows-amd64 compressed oops)
Heap:
 PSYoungGen      total 73216K, used 7671K [0x00000000edc00000, 0x00000000f4300000, 0x0000000100000000)
  eden space 67072K, 2% used [0x00000000edc00000,0x00000000edda4200,0x00000000f1d80000)
  from space 6144K, 97% used [0x00000000f2400000,0x00000000f29d9a28,0x00000000f2a00000)
  to   space 6656K, 0% used [0x00000000f1d80000,0x00000000f1d80000,0x00000000f2400000)
 ParOldGen       total 33280K, used 25226K [0x00000000c9400000, 0x00000000cb480000, 0x00000000edc00000)
  object space 33280K, 75% used [0x00000000c9400000,0x00000000caca2948,0x00000000cb480000)
 Metaspace       used 31985K, capacity 33404K, committed 33536K, reserved 1079296K
  class space    used 4136K, capacity 4524K, committed 4608K, reserved 1048576K
GC Heap History (10 events):
Event: 9.778 GC heap before
{Heap before GC invocations=5 (full 0):
 PSYoungGen      total 31744K, used 21913K [0x00000000edc00000, 0x00000000efd00000, 0x0000000100000000)
  eden space 29696K, 66% used [0x00000000edc00000,0x00000000eef6a7a8,0x00000000ef900000)
  from space 2048K, 99% used [0x00000000efb00000,0x00000000efcfc040,0x00000000efd00000)
  to   space 2048K, 0% used [0x00000000ef900000,0x00000000ef900000,0x00000000efb00000)
 ParOldGen       total 38400K, used 8249K [0x00000000c9400000, 0x00000000cb980000, 0x00000000edc00000)
  object space 38400K, 21% used [0x00000000c9400000,0x00000000c9c0e4e8,0x00000000cb980000)
 Metaspace       used 20562K, capacity 21240K, committed 21296K, reserved 1069056K
  class space    used 2577K, capacity 2796K, committed 2816K, reserved 1048576K
Event: 9.794 GC heap after
Heap after GC invocations=5 (full 0):
 PSYoungGen      total 31744K, used 2032K [0x00000000edc00000, 0x00000000f2100000, 0x0000000100000000)
  eden space 29696K, 0% used [0x00000000edc00000,0x00000000edc00000,0x00000000ef900000)
  from space 2048K, 99% used [0x00000000ef900000,0x00000000efafc050,0x00000000efb00000)
  to   space 5632K, 0% used [0x00000000f1b80000,0x00000000f1b80000,0x00000000f2100000)
 ParOldGen       total 38400K, used 11380K [0x00000000c9400000, 0x00000000cb980000, 0x00000000edc00000)
  object space 38400K, 29% used [0x00000000c9400000,0x00000000c9f1d0a8,0x00000000cb980000)
 Metaspace       used 20562K, capacity 21240K, committed 21296K, reserved 1069056K
  class space    used 2577K, capacity 2796K, committed 2816K, reserved 1048576K
}
Event: 9.794 GC heap before
{Heap before GC invocations=6 (full 1):
 PSYoungGen      total 31744K, used 2032K [0x00000000edc00000, 0x00000000f2100000, 0x0000000100000000)
  eden space 29696K, 0% used [0x00000000edc00000,0x00000000edc00000,0x00000000ef900000)
  from space 2048K, 99% used [0x00000000ef900000,0x00000000efafc050,0x00000000efb00000)
  to   space 5632K, 0% used [0x00000000f1b80000,0x00000000f1b80000,0x00000000f2100000)
 ParOldGen       total 38400K, used 11380K [0x00000000c9400000, 0x00000000cb980000, 0x00000000edc00000)
  object space 38400K, 29% used [0x00000000c9400000,0x00000000c9f1d0a8,0x00000000cb980000)
 Metaspace       used 20562K, capacity 21240K, committed 21296K, reserved 1069056K
  class space    used 2577K, capacity 2796K, committed 2816K, reserved 1048576K
Event: 9.868 GC heap after
Heap after GC invocations=6 (full 1):
 PSYoungGen      total 31744K, used 0K [0x00000000edc00000, 0x00000000f2100000, 0x0000000100000000)
  eden space 29696K, 0% used [0x00000000edc00000,0x00000000edc00000,0x00000000ef900000)
  from space 2048K, 0% used [0x00000000ef900000,0x00000000ef900000,0x00000000efb00000)
  to   space 5632K, 0% used [0x00000000f1b80000,0x00000000f1b80000,0x00000000f2100000)
 ParOldGen       total 33280K, used 8590K [0x00000000c9400000, 0x00000000cb480000, 0x00000000edc00000)
  object space 33280K, 25% used [0x00000000c9400000,0x00000000c9c638f0,0x00000000cb480000)
 Metaspace       used 20562K, capacity 21240K, committed 21296K, reserved 1069056K
  class space    used 2577K, capacity 2796K, committed 2816K, reserved 1048576K
}
Event: 18.017 GC heap before
{Heap before GC invocations=7 (full 1):
 PSYoungGen      total 31744K, used 29696K [0x00000000edc00000, 0x00000000f2100000, 0x0000000100000000)
  eden space 29696K, 100% used [0x00000000edc00000,0x00000000ef900000,0x00000000ef900000)
  from space 2048K, 0% used [0x00000000ef900000,0x00000000ef900000,0x00000000efb00000)
  to   space 5632K, 0% used [0x00000000f1b80000,0x00000000f1b80000,0x00000000f2100000)
 ParOldGen       total 33280K, used 24974K [0x00000000c9400000, 0x00000000cb480000, 0x00000000edc00000)
  object space 33280K, 75% used [0x00000000c9400000,0x00000000cac63900,0x00000000cb480000)
 Metaspace       used 24726K, capacity 25882K, committed 26112K, reserved 1071104K
  class space    used 3222K, capacity 3529K, committed 3584K, reserved 1048576K
Event: 18.031 GC heap after
Heap after GC invocations=7 (full 1):
 PSYoungGen      total 50176K, used 4533K [0x00000000edc00000, 0x00000000f2000000, 0x0000000100000000)
  eden space 45568K, 0% used [0x00000000edc00000,0x00000000edc00000,0x00000000f0880000)
  from space 4608K, 98% used [0x00000000f1b80000,0x00000000f1fed7e0,0x00000000f2000000)
  to   space 5632K, 0% used [0x00000000f1500000,0x00000000f1500000,0x00000000f1a80000)
 ParOldGen       total 33280K, used 24982K [0x00000000c9400000, 0x00000000cb480000, 0x00000000edc00000)
  object space 33280K, 75% used [0x00000000c9400000,0x00000000cac65900,0x00000000cb480000)
 Metaspace       used 24726K, capacity 25882K, committed 26112K, reserved 1071104K
  class space    used 3222K, capacity 3529K, committed 3584K, reserved 1048576K
}
Event: 24.950 GC heap before
{Heap before GC invocations=8 (full 1):
 PSYoungGen      total 50176K, used 50101K [0x00000000edc00000, 0x00000000f2000000, 0x0000000100000000)
  eden space 45568K, 100% used [0x00000000edc00000,0x00000000f0880000,0x00000000f0880000)
  from space 4608K, 98% used [0x00000000f1b80000,0x00000000f1fed7e0,0x00000000f2000000)
  to   space 5632K, 0% used [0x00000000f1500000,0x00000000f1500000,0x00000000f1a80000)
 ParOldGen       total 33280K, used 24982K [0x00000000c9400000, 0x00000000cb480000, 0x00000000edc00000)
  object space 33280K, 75% used [0x00000000c9400000,0x00000000cac65900,0x00000000cb480000)
 Metaspace       used 29576K, capacity 30892K, committed 31104K, reserved 1077248K
  class space    used 3806K, capacity 4146K, committed 4224K, reserved 1048576K
Event: 24.965 GC heap after
Heap after GC invocations=8 (full 1):
 PSYoungGen      total 64000K, used 5612K [0x00000000edc00000, 0x00000000f2a00000, 0x0000000100000000)
  eden space 58368K, 0% used [0x00000000edc00000,0x00000000edc00000,0x00000000f1500000)
  from space 5632K, 99% used [0x00000000f1500000,0x00000000f1a7b188,0x00000000f1a80000)
  to   space 6144K, 0% used [0x00000000f2400000,0x00000000f2400000,0x00000000f2a00000)
 ParOldGen       total 33280K, used 25218K [0x00000000c9400000, 0x00000000cb480000, 0x00000000edc00000)
  object space 33280K, 75% used [0x00000000c9400000,0x00000000caca0948,0x00000000cb480000)
 Metaspace       used 29576K, capacity 30892K, committed 31104K, reserved 1077248K
  class space    used 3806K, capacity 4146K, committed 4224K, reserved 1048576K
}
Event: 25.916 GC heap before
{Heap before GC invocations=9 (full 1):
 PSYoungGen      total 64000K, used 63980K [0x00000000edc00000, 0x00000000f2a00000, 0x0000000100000000)
  eden space 58368K, 100% used [0x00000000edc00000,0x00000000f1500000,0x00000000f1500000)
  from space 5632K, 99% used [0x00000000f1500000,0x00000000f1a7b188,0x00000000f1a80000)
  to   space 6144K, 0% used [0x00000000f2400000,0x00000000f2400000,0x00000000f2a00000)
 ParOldGen       total 33280K, used 25218K [0x00000000c9400000, 0x00000000cb480000, 0x00000000edc00000)
  object space 33280K, 75% used [0x00000000c9400000,0x00000000caca0948,0x00000000cb480000)
 Metaspace       used 31900K, capacity 33338K, committed 33536K, reserved 1079296K
  class space    used 4125K, capacity 4523K, committed 4608K, reserved 1048576K
Event: 25.936 GC heap after
Heap after GC invocations=9 (full 1):
 PSYoungGen      total 73216K, used 5990K [0x00000000edc00000, 0x00000000f4300000, 0x0000000100000000)
  eden space 67072K, 0% used [0x00000000edc00000,0x00000000edc00000,0x00000000f1d80000)
  from space 6144K, 97% used [0x00000000f2400000,0x00000000f29d9a28,0x00000000f2a00000)
  to   space 6656K, 0% used [0x00000000f1d80000,0x00000000f1d80000,0x00000000f2400000)
 ParOldGen       total 33280K, used 25226K [0x00000000c9400000, 0x00000000cb480000, 0x00000000edc00000)
  object space 33280K, 75% used [0x00000000c9400000,0x00000000caca2948,0x00000000cb480000)
 Metaspace       used 31900K, capacity 33338K, committed 33536K, reserved 1079296K
  class space    used 4125K, capacity 4523K, committed 4608K, reserved 1048576K
}

